<?xml version="1.0" encoding="UTF-8"?>
<!-- Generated by org.testng.reporters.JUnitXMLReporter -->
<testsuite ignored="5" hostname="DESKTOP-42BMCNO" failures="0" tests="1" name="Surefire test" time="56.346" errors="0" timestamp="2025-09-26T22:14:39 EEST">
  <testcase classname="E2EAutomationExerciseTest" name="testBrowseProducts" time="44.816"/>
  <testcase classname="E2EAutomationExerciseTest" name="testAddToCart" time="0.0">
    <ignored/>
  </testcase> <!-- testAddToCart -->
  <testcase classname="E2EAutomationExerciseTest" name="testLogoutAndSessionValidation" time="0.0">
    <ignored/>
  </testcase> <!-- testLogoutAndSessionValidation -->
  <testcase classname="E2EAutomationExerciseTest" name="testContactUs" time="0.0">
    <ignored/>
  </testcase> <!-- testContactUs -->
  <testcase classname="E2EAutomationExerciseTest" name="endToEndFlow" time="0.0">
    <ignored/>
  </testcase> <!-- endToEndFlow -->
  <testcase classname="E2EAutomationExerciseTest" name="testCheckoutAndPlaceOrder" time="0.0">
    <ignored/>
  </testcase> <!-- testCheckoutAndPlaceOrder -->
</testsuite> <!-- Surefire test -->
