<?xml version="1.0" encoding="UTF-8"?>
<!-- Generated by org.testng.reporters.JUnitXMLReporter -->
<testsuite ignored="5" hostname="DESKTOP-42BMCNO" failures="0" tests="1" name="Surefire test" time="5.64" errors="0" timestamp="2025-09-28T14:32:47 EEST">
  <testcase classname="E2E_User_Flow" name="@BeforeMethod setUpMethod" time="0.059">
    <failure type="java.lang.ArrayIndexOutOfBoundsException" message="Index 14 out of bounds for length 14">
      <![CDATA[java.lang.ArrayIndexOutOfBoundsException: Index 14 out of bounds for length 14
at E2E_User_Flow.setUpMethod(E2E_User_Flow.java:61)
at java.base/java.util.ArrayList.forEach(ArrayList.java:1604)
... Removed 34 stack frames]]>
    </failure>
  </testcase> <!-- @BeforeMethod setUpMethod -->
  <testcase classname="BaseTest" name="@AfterClass closeDriver" time="0.0">
    <skipped/>
  </testcase> <!-- @AfterClass closeDriver -->
  <testcase classname="E2E_User_Flow" name="endToEndFlow" time="0.0">
    <skipped/>
  </testcase> <!-- endToEndFlow -->
  <testcase classname="E2E_User_Flow" name="testBrowseProducts" time="0.0">
    <ignored/>
  </testcase> <!-- testBrowseProducts -->
  <testcase classname="E2E_User_Flow" name="testCheckoutAndPlaceOrder" time="0.0">
    <ignored/>
  </testcase> <!-- testCheckoutAndPlaceOrder -->
  <testcase classname="E2E_User_Flow" name="testContactUs" time="0.0">
    <ignored/>
  </testcase> <!-- testContactUs -->
  <testcase classname="E2E_User_Flow" name="testAddToCart" time="0.0">
    <ignored/>
  </testcase> <!-- testAddToCart -->
  <testcase classname="E2E_User_Flow" name="testLogoutAndSessionValidation" time="0.0">
    <ignored/>
  </testcase> <!-- testLogoutAndSessionValidation -->
</testsuite> <!-- Surefire test -->
