<?xml version="1.0" encoding="UTF-8"?>
<testng-results ignored="5" total="6" passed="1" failed="0" skipped="0">
  <reporter-output>
  </reporter-output>
  <suite started-at="2025-09-30T14:11:40 EEST" name="Surefire suite" finished-at="2025-09-30T14:12:43 EEST" duration-ms="63032">
    <groups>
      <group name="regression">
        <method signature="E2E_User_Flow.endToEndFlow()[pri:0, instance:E2E_User_Flow@25f4878b]" name="endToEndFlow" class="E2E_User_Flow"/>
      </group> <!-- regression -->
      <group name="e2e">
        <method signature="E2E_User_Flow.endToEndFlow()[pri:0, instance:E2E_User_Flow@25f4878b]" name="endToEndFlow" class="E2E_User_Flow"/>
      </group> <!-- e2e -->
    </groups>
    <test started-at="2025-09-30T14:11:40 EEST" name="Surefire test" finished-at="2025-09-30T14:12:43 EEST" duration-ms="63032">
      <class name="E2E_User_Flow">
        <test-method is-config="true" signature="Init()[pri:0, instance:E2E_User_Flow@25f4878b]" started-at="2025-09-30T14:11:40 EEST" name="Init" finished-at="2025-09-30T14:11:46 EEST" duration-ms="6199" status="PASS">
          <reporter-output>
          </reporter-output>
        </test-method> <!-- Init -->
        <test-method is-config="true" signature="setUpMethod()[pri:0, instance:E2E_User_Flow@25f4878b]" started-at="2025-09-30T14:11:46 EEST" name="setUpMethod" finished-at="2025-09-30T14:12:10 EEST" duration-ms="23470" status="PASS">
          <reporter-output>
          </reporter-output>
        </test-method> <!-- setUpMethod -->
        <test-method signature="endToEndFlow()[pri:0, instance:E2E_User_Flow@25f4878b]" started-at="2025-09-30T14:12:10 EEST" name="endToEndFlow" finished-at="2025-09-30T14:12:43 EEST" duration-ms="33014" status="PASS">
          <reporter-output>
          </reporter-output>
        </test-method> <!-- endToEndFlow -->
        <test-method is-config="true" signature="closeDriver()[pri:0, instance:E2E_User_Flow@25f4878b]" started-at="2025-09-30T14:12:43 EEST" name="closeDriver" finished-at="2025-09-30T14:12:43 EEST" duration-ms="289" status="PASS">
          <reporter-output>
          </reporter-output>
        </test-method> <!-- closeDriver -->
      </class> <!-- E2E_User_Flow -->
    </test> <!-- Surefire test -->
  </suite> <!-- Surefire suite -->
</testng-results>
